#
# A fatal error has been detected by the Java Runtime Environment:
#
#  SIGBUS (0xa) at pc=0x0000000105dc3e92, pid=5370, tid=0x0000000000003f03
#
# JRE version: Java(TM) SE Runtime Environment (8.0_251-b08) (build 1.8.0_251-b08)
# Java VM: Java HotSpot(TM) 64-Bit Server VM (25.251-b08 mixed mode bsd-amd64 compressed oops)
# Problematic frame:
# C  [libzip.dylib+0x2e92]  newEntry+0x154
#
# Failed to write core dump. Core dumps have been disabled. To enable core dumping, try "ulimit -c unlimited" before starting Java again
#
# If you would like to submit a bug report, please visit:
#   http://bugreport.java.com/bugreport/crash.jsp
# The crash happened outside the Java Virtual Machine in native code.
# See problematic frame for where to report the bug.
#

---------------  T H R E A D  ---------------

Current thread (0x00007fc1201d1800):  JavaThread "RMI TCP Connection(1)-192.168.1.104" daemon [_thread_in_native, id=16131, stack(0x000070000192d000,0x0000700001a2d000)]

siginfo: si_signo: 10 (SIGBUS), si_code: 2 (BUS_ADRERR), si_addr: 0x000000010ff20113

Registers:
RAX=0x00007fc11f423970, RBX=0x000000010ff20107, RCX=0x0000000000000000, RDX=0x0000000000000005
RSP=0x0000700001a25e80, RBP=0x0000700001a25ee0, RSI=0x0000000105c67080, RDI=0x0000000000000545
R8 =0x0000000011f75453, R9 =0x0000000011f75457, R10=0x00000000ff87ffff, R11=0x00006ff86acec38e
R12=0x00007fc11f925a00, R13=0x0000000000000080, R14=0x00000000f034efb7, R15=0x00007fc11f64cab0
RIP=0x0000000105dc3e92, EFLAGS=0x0000000000010202, ERR=0x0000000000000004
  TRAPNO=0x000000000000000e

Top of Stack: (sp=0x0000700001a25e80)
0x0000700001a25e80:   00007fc11f558798 00000000000000d8
0x0000700001a25e90:   0000700001a26780 00007fc1201d1800
0x0000700001a25ea0:   0000700001a25ec0 00007fc11f423970
0x0000700001a25eb0:   00007fc11f754520 00007fc11f423970
0x0000700001a25ec0:   00007fc11f925a00 0000000000000080
0x0000700001a25ed0:   00000000f034efb7 00007fc11f64cab0
0x0000700001a25ee0:   0000700001a25f40 0000000105dc452d
0x0000700001a25ef0:   0000700001a25fa6 0000700001a25fa5
0x0000700001a25f00:   0000004600000000 00000047011d1800
0x0000700001a25f10:   0000700001a25f5e 0000700001a263a8
0x0000700001a25f20:   0000000000000047 0000700001a25f5e
0x0000700001a25f30:   00007fc11f423970 00007fc1201d19f8
0x0000700001a25f40:   0000700001a26390 0000000105dc3238
0x0000700001a25f50:   0000000796d2f6f0 6f63000100000001
0x0000700001a25f60:   6c6c65746e692f6d 65642f74722f6a69
0x0000700001a25f70:   612f726567677562 7061432f746e6567
0x0000700001a25f80:   6e65674165727574 7275747061432474
0x0000700001a25f90:   6d757274736e4965 2e3124726f746e65
0x0000700001a25fa0:   0000007373616c63 0000700001a26230
0x0000700001a25fb0:   0000700001a26120 0000000106927caf
0x0000700001a25fc0:   0000700001a26010 00007fc11f558740
0x0000700001a25fd0:   00007fc1201d19f8 0000700001a26230
0x0000700001a25fe0:   0000700001a26190 0000000796d2ffe8
0x0000700001a25ff0:   0000000795589f90 0000000100000050
0x0000700001a26000:   00007fc1201d1800 000000010c601fc0
0x0000700001a26010:   0000000796d2fc40 0000009700000000
0x0000700001a26020:   0000000796d2fad0 0000000100010197
0x0000700001a26030:   000000010c601fc0 0000700001a25fe8
0x0000700001a26040:   0000700001a26029 0000000800000002
0x0000700001a26050:   0000000796d2f600 00007fc11f558030
0x0000700001a26060:   00007fc120135600 00007fc120137f00
0x0000700001a26070:   00007fc12013d5e8 00000000000083b0 

Instructions: (pc=0x0000000105dc3e92)
0x0000000105dc3e72:   49 8b 7f 38 e8 5b 1b 00 00 4d 89 77 38 49 89 5f
0x0000000105dc3e82:   40 4c 89 f0 48 85 c0 0f 84 11 05 00 00 48 89 c3
0x0000000105dc3e92:   0f b6 43 0c 0f b6 4b 0d 48 c1 e1 08 48 01 c1 0f
0x0000000105dc3ea2:   b6 43 0e 0f b6 53 0f 48 c1 e2 08 48 01 c2 48 c1 

Register to memory mapping:

RAX=0x00007fc11f423970 is an unknown value
RBX=0x000000010ff20107 is an unknown value
RCX=0x0000000000000000 is an unknown value
RDX=0x0000000000000005 is an unknown value
RSP=0x0000700001a25e80 is pointing into the stack for thread: 0x00007fc1201d1800
RBP=0x0000700001a25ee0 is pointing into the stack for thread: 0x00007fc1201d1800
RSI=0x0000000105c67080 is an unknown value
RDI=0x0000000000000545 is an unknown value
R8 =0x0000000011f75453 is an unknown value
R9 =0x0000000011f75457 is an unknown value
R10=0x00000000ff87ffff is an unknown value
R11=0x00006ff86acec38e is an unknown value
R12=0x00007fc11f925a00 is an unknown value
R13=0x0000000000000080 is an unknown value
R14=0x00000000f034efb7 is an unknown value
R15=0x00007fc11f64cab0 is an unknown value


Stack: [0x000070000192d000,0x0000700001a2d000],  sp=0x0000700001a25e80,  free space=995k
Native frames: (J=compiled Java code, j=interpreted, Vv=VM code, C=native code)
C  [libzip.dylib+0x2e92]  newEntry+0x154
C  [libzip.dylib+0x352d]  ZIP_GetEntry2+0xd4
C  [libzip.dylib+0x2238]  Java_java_util_zip_ZipFile_getEntry+0xcf
J 258  java.util.zip.ZipFile.getEntry(J[BZ)J (0 bytes) @ 0x0000000113be6f4e [0x0000000113be6e80+0xce]
J 246 C1 java.util.zip.ZipFile.getEntry(Ljava/lang/String;)Ljava/util/zip/ZipEntry; (101 bytes) @ 0x0000000113be4974 [0x0000000113be4820+0x154]
J 259 C1 sun.misc.URLClassPath$JarLoader.getResource(Ljava/lang/String;Z)Lsun/misc/Resource; (85 bytes) @ 0x0000000113bea7dc [0x0000000113bea720+0xbc]
J 558 C1 sun.misc.URLClassPath.getResource(Ljava/lang/String;Z)Lsun/misc/Resource; (83 bytes) @ 0x0000000113c5ab64 [0x0000000113c5aae0+0x84]
j  java.net.URLClassLoader$1.run()Ljava/lang/Class;+26
j  java.net.URLClassLoader$1.run()Ljava/lang/Object;+1
v  ~StubRoutines::call_stub
V  [libjvm.dylib+0x2f09b2]
V  [libjvm.dylib+0x3511e0]
J 584  java.security.AccessController.doPrivileged(Ljava/security/PrivilegedExceptionAction;Ljava/security/AccessControlContext;)Ljava/lang/Object; (0 bytes) @ 0x0000000113c68155 [0x0000000113c68080+0xd5]
j  java.net.URLClassLoader.findClass(Ljava/lang/String;)Ljava/lang/Class;+13
j  java.lang.ClassLoader.loadClass(Ljava/lang/String;Z)Ljava/lang/Class;+70
j  sun.misc.Launcher$AppClassLoader.loadClass(Ljava/lang/String;Z)Ljava/lang/Class;+81
J 599 C1 java.lang.ClassLoader.loadClass(Ljava/lang/String;)Ljava/lang/Class; (7 bytes) @ 0x0000000113c7401c [0x0000000113c73fc0+0x5c]
v  ~StubRoutines::call_stub
V  [libjvm.dylib+0x2f09b2]
V  [libjvm.dylib+0x2f1156]
V  [libjvm.dylib+0x2f12ae]
V  [libjvm.dylib+0x546b0c]
V  [libjvm.dylib+0x5462b6]
V  [libjvm.dylib+0x546d28]
V  [libjvm.dylib+0x5473db]
V  [libjvm.dylib+0x1e4158]
V  [libjvm.dylib+0x45606e]
V  [libjvm.dylib+0x2ec39d]
j  com.intellij.rt.debugger.agent.CaptureAgent$CaptureInstrumentor.visitMethod(ILjava/lang/String;Ljava/lang/String;Ljava/lang/String;[Ljava/lang/String;)Lorg/jetbrains/capture/org/objectweb/asm/MethodVisitor;+145
j  org.jetbrains.capture.org.objectweb.asm.ClassReader.readMethod(Lorg/jetbrains/capture/org/objectweb/asm/ClassVisitor;Lorg/jetbrains/capture/org/objectweb/asm/Context;I)I+524
j  org.jetbrains.capture.org.objectweb.asm.ClassReader.accept(Lorg/jetbrains/capture/org/objectweb/asm/ClassVisitor;[Lorg/jetbrains/capture/org/objectweb/asm/Attribute;I)V+1257
j  org.jetbrains.capture.org.objectweb.asm.ClassReader.accept(Lorg/jetbrains/capture/org/objectweb/asm/ClassVisitor;I)V+7
J 59 C1 com.intellij.rt.debugger.agent.CaptureAgent$CaptureTransformer.transform(Ljava/lang/ClassLoader;Ljava/lang/String;Ljava/lang/Class;Ljava/security/ProtectionDomain;[B)[B (194 bytes) @ 0x0000000113ba0e34 [0x0000000113ba0c40+0x1f4]
J 27 C1 sun.instrument.TransformerManager.transform(Ljava/lang/ClassLoader;Ljava/lang/String;Ljava/lang/Class;Ljava/security/ProtectionDomain;[B)[B (98 bytes) @ 0x0000000113b93744 [0x0000000113b93640+0x104]
J 26 C1 sun.instrument.InstrumentationImpl.transform(Ljava/lang/ClassLoader;Ljava/lang/String;Ljava/lang/Class;Ljava/security/ProtectionDomain;[BZ)[B (38 bytes) @ 0x0000000113b92f84 [0x0000000113b92ec0+0xc4]
v  ~StubRoutines::call_stub
V  [libjvm.dylib+0x2f09b2]
V  [libjvm.dylib+0x327c14]
V  [libjvm.dylib+0x317cd3]
C  [libinstrument.dylib+0xb3ba]  transformClassFile+0x1ad
C  [libinstrument.dylib+0x8545]  eventHandlerClassFileLoadHook+0x8f
V  [libjvm.dylib+0x39a411]
V  [libjvm.dylib+0x39a587]
V  [libjvm.dylib+0x39944e]
V  [libjvm.dylib+0x1889be]
V  [libjvm.dylib+0x18b7db]
V  [libjvm.dylib+0x546927]
V  [libjvm.dylib+0x5462b6]
V  [libjvm.dylib+0x546d28]
V  [libjvm.dylib+0x546ee6]
V  [libjvm.dylib+0x1894a1]
V  [libjvm.dylib+0x18b7db]
V  [libjvm.dylib+0x546927]
V  [libjvm.dylib+0x5462b6]
V  [libjvm.dylib+0x546d28]
V  [libjvm.dylib+0x5473db]
V  [libjvm.dylib+0x1e4158]
V  [libjvm.dylib+0x45606e]
V  [libjvm.dylib+0x2ec39d]
j  java.util.concurrent.ScheduledThreadPoolExecutor.scheduleWithFixedDelay(Ljava/lang/Runnable;JJLjava/util/concurrent/TimeUnit;)Ljava/util/concurrent/ScheduledFuture;+32
j  sun.rmi.transport.DGCImpl.dirty([Ljava/rmi/server/ObjID;JLjava/rmi/dgc/Lease;)Ljava/rmi/dgc/Lease;+225
j  sun.rmi.transport.DGCImpl_Skel.dispatch(Ljava/rmi/Remote;Ljava/rmi/server/RemoteCall;IJ)V+274
j  sun.rmi.server.UnicastServerRef.oldDispatch(Ljava/rmi/Remote;Ljava/rmi/server/RemoteCall;I)V+137
j  sun.rmi.server.UnicastServerRef.dispatch(Ljava/rmi/Remote;Ljava/rmi/server/RemoteCall;)V+44
j  sun.rmi.transport.Transport$1.run()Ljava/lang/Void;+23
j  sun.rmi.transport.Transport$1.run()Ljava/lang/Object;+1
v  ~StubRoutines::call_stub
V  [libjvm.dylib+0x2f09b2]
V  [libjvm.dylib+0x3511e0]
J 584  java.security.AccessController.doPrivileged(Ljava/security/PrivilegedExceptionAction;Ljava/security/AccessControlContext;)Ljava/lang/Object; (0 bytes) @ 0x0000000113c68155 [0x0000000113c68080+0xd5]
j  sun.rmi.transport.Transport.serviceCall(Ljava/rmi/server/RemoteCall;)Z+157
j  sun.rmi.transport.tcp.TCPTransport.handleMessages(Lsun/rmi/transport/Connection;Z)V+185
j  sun.rmi.transport.tcp.TCPTransport$ConnectionHandler.run0()V+696
j  sun.rmi.transport.tcp.TCPTransport$ConnectionHandler.lambda$run$0()Ljava/lang/Void;+1
j  sun.rmi.transport.tcp.TCPTransport$ConnectionHandler$$Lambda$3.run()Ljava/lang/Object;+4
v  ~StubRoutines::call_stub
V  [libjvm.dylib+0x2f09b2]
V  [libjvm.dylib+0x3511e0]
j  java.security.AccessController.doPrivileged(Ljava/security/PrivilegedAction;Ljava/security/AccessControlContext;)Ljava/lang/Object;+0
j  sun.rmi.transport.tcp.TCPTransport$ConnectionHandler.run()V+58
j  java.util.concurrent.ThreadPoolExecutor.runWorker(Ljava/util/concurrent/ThreadPoolExecutor$Worker;)V+95
j  java.util.concurrent.ThreadPoolExecutor$Worker.run()V+5
j  java.lang.Thread.run()V+11
v  ~StubRoutines::call_stub
V  [libjvm.dylib+0x2f09b2]
V  [libjvm.dylib+0x2f1156]
V  [libjvm.dylib+0x2f1302]
V  [libjvm.dylib+0x34bb2e]
V  [libjvm.dylib+0x575d6b]
V  [libjvm.dylib+0x57747c]
V  [libjvm.dylib+0x48fe2a]
C  [libsystem_pthread.dylib+0x5d76]  _pthread_start+0x7d
C  [libsystem_pthread.dylib+0x25d7]  thread_start+0xf
C  0x0000000000000000

Java frames: (J=compiled Java code, j=interpreted, Vv=VM code)
J 258  java.util.zip.ZipFile.getEntry(J[BZ)J (0 bytes) @ 0x0000000113be6ed8 [0x0000000113be6e80+0x58]
J 246 C1 java.util.zip.ZipFile.getEntry(Ljava/lang/String;)Ljava/util/zip/ZipEntry; (101 bytes) @ 0x0000000113be4974 [0x0000000113be4820+0x154]
J 259 C1 sun.misc.URLClassPath$JarLoader.getResource(Ljava/lang/String;Z)Lsun/misc/Resource; (85 bytes) @ 0x0000000113bea7dc [0x0000000113bea720+0xbc]
J 558 C1 sun.misc.URLClassPath.getResource(Ljava/lang/String;Z)Lsun/misc/Resource; (83 bytes) @ 0x0000000113c5ab64 [0x0000000113c5aae0+0x84]
j  java.net.URLClassLoader$1.run()Ljava/lang/Class;+26
j  java.net.URLClassLoader$1.run()Ljava/lang/Object;+1
v  ~StubRoutines::call_stub
J 584  java.security.AccessController.doPrivileged(Ljava/security/PrivilegedExceptionAction;Ljava/security/AccessControlContext;)Ljava/lang/Object; (0 bytes) @ 0x0000000113c680e3 [0x0000000113c68080+0x63]
j  java.net.URLClassLoader.findClass(Ljava/lang/String;)Ljava/lang/Class;+13
j  java.lang.ClassLoader.loadClass(Ljava/lang/String;Z)Ljava/lang/Class;+70
j  sun.misc.Launcher$AppClassLoader.loadClass(Ljava/lang/String;Z)Ljava/lang/Class;+81
J 599 C1 java.lang.ClassLoader.loadClass(Ljava/lang/String;)Ljava/lang/Class; (7 bytes) @ 0x0000000113c7401c [0x0000000113c73fc0+0x5c]
v  ~StubRoutines::call_stub
j  com.intellij.rt.debugger.agent.CaptureAgent$CaptureInstrumentor.visitMethod(ILjava/lang/String;Ljava/lang/String;Ljava/lang/String;[Ljava/lang/String;)Lorg/jetbrains/capture/org/objectweb/asm/MethodVisitor;+145
j  org.jetbrains.capture.org.objectweb.asm.ClassReader.readMethod(Lorg/jetbrains/capture/org/objectweb/asm/ClassVisitor;Lorg/jetbrains/capture/org/objectweb/asm/Context;I)I+524
j  org.jetbrains.capture.org.objectweb.asm.ClassReader.accept(Lorg/jetbrains/capture/org/objectweb/asm/ClassVisitor;[Lorg/jetbrains/capture/org/objectweb/asm/Attribute;I)V+1257
j  org.jetbrains.capture.org.objectweb.asm.ClassReader.accept(Lorg/jetbrains/capture/org/objectweb/asm/ClassVisitor;I)V+7
J 59 C1 com.intellij.rt.debugger.agent.CaptureAgent$CaptureTransformer.transform(Ljava/lang/ClassLoader;Ljava/lang/String;Ljava/lang/Class;Ljava/security/ProtectionDomain;[B)[B (194 bytes) @ 0x0000000113ba0e34 [0x0000000113ba0c40+0x1f4]
J 27 C1 sun.instrument.TransformerManager.transform(Ljava/lang/ClassLoader;Ljava/lang/String;Ljava/lang/Class;Ljava/security/ProtectionDomain;[B)[B (98 bytes) @ 0x0000000113b93744 [0x0000000113b93640+0x104]
J 26 C1 sun.instrument.InstrumentationImpl.transform(Ljava/lang/ClassLoader;Ljava/lang/String;Ljava/lang/Class;Ljava/security/ProtectionDomain;[BZ)[B (38 bytes) @ 0x0000000113b92f84 [0x0000000113b92ec0+0xc4]
v  ~StubRoutines::call_stub
j  java.util.concurrent.ScheduledThreadPoolExecutor.scheduleWithFixedDelay(Ljava/lang/Runnable;JJLjava/util/concurrent/TimeUnit;)Ljava/util/concurrent/ScheduledFuture;+32
j  sun.rmi.transport.DGCImpl.dirty([Ljava/rmi/server/ObjID;JLjava/rmi/dgc/Lease;)Ljava/rmi/dgc/Lease;+225
j  sun.rmi.transport.DGCImpl_Skel.dispatch(Ljava/rmi/Remote;Ljava/rmi/server/RemoteCall;IJ)V+274
j  sun.rmi.server.UnicastServerRef.oldDispatch(Ljava/rmi/Remote;Ljava/rmi/server/RemoteCall;I)V+137
j  sun.rmi.server.UnicastServerRef.dispatch(Ljava/rmi/Remote;Ljava/rmi/server/RemoteCall;)V+44
j  sun.rmi.transport.Transport$1.run()Ljava/lang/Void;+23
j  sun.rmi.transport.Transport$1.run()Ljava/lang/Object;+1
v  ~StubRoutines::call_stub
J 584  java.security.AccessController.doPrivileged(Ljava/security/PrivilegedExceptionAction;Ljava/security/AccessControlContext;)Ljava/lang/Object; (0 bytes) @ 0x0000000113c680e3 [0x0000000113c68080+0x63]
j  sun.rmi.transport.Transport.serviceCall(Ljava/rmi/server/RemoteCall;)Z+157
j  sun.rmi.transport.tcp.TCPTransport.handleMessages(Lsun/rmi/transport/Connection;Z)V+185
j  sun.rmi.transport.tcp.TCPTransport$ConnectionHandler.run0()V+696
j  sun.rmi.transport.tcp.TCPTransport$ConnectionHandler.lambda$run$0()Ljava/lang/Void;+1
j  sun.rmi.transport.tcp.TCPTransport$ConnectionHandler$$Lambda$3.run()Ljava/lang/Object;+4
v  ~StubRoutines::call_stub
j  java.security.AccessController.doPrivileged(Ljava/security/PrivilegedAction;Ljava/security/AccessControlContext;)Ljava/lang/Object;+0
j  sun.rmi.transport.tcp.TCPTransport$ConnectionHandler.run()V+58
j  java.util.concurrent.ThreadPoolExecutor.runWorker(Ljava/util/concurrent/ThreadPoolExecutor$Worker;)V+95
j  java.util.concurrent.ThreadPoolExecutor$Worker.run()V+5
j  java.lang.Thread.run()V+11
v  ~StubRoutines::call_stub

---------------  P R O C E S S  ---------------

Java Threads: ( => current thread )
=>0x00007fc1201d1800 JavaThread "RMI TCP Connection(1)-192.168.1.104" daemon [_thread_in_native, id=16131, stack(0x000070000192d000,0x0000700001a2d000)]
  0x00007fc1209db000 JavaThread "Attach Listener" daemon [_thread_blocked, id=14851, stack(0x000070000182a000,0x000070000192a000)]
  0x00007fc11fa1f000 JavaThread "RMI TCP Accept-0" daemon [_thread_in_native, id=20743, stack(0x0000700000d86000,0x0000700000e86000)]
  0x00007fc120948000 JavaThread "Service Thread" daemon [_thread_blocked, id=14595, stack(0x0000700001624000,0x0000700001724000)]
  0x00007fc1200fa000 JavaThread "C1 CompilerThread2" daemon [_thread_blocked, id=16899, stack(0x0000700001521000,0x0000700001621000)]
  0x00007fc120947800 JavaThread "C2 CompilerThread1" daemon [_thread_blocked, id=17411, stack(0x000070000141e000,0x000070000151e000)]
  0x00007fc12116f000 JavaThread "C2 CompilerThread0" daemon [_thread_blocked, id=14339, stack(0x000070000131b000,0x000070000141b000)]
  0x00007fc12001d000 JavaThread "JDWP Command Reader" daemon [_thread_in_native, id=14083, stack(0x0000700001218000,0x0000700001318000)]
  0x00007fc11f82b800 JavaThread "JDWP Event Helper Thread" daemon [_thread_blocked, id=18179, stack(0x0000700001115000,0x0000700001215000)]
  0x00007fc11f82a800 JavaThread "JDWP Transport Listener: dt_socket" daemon [_thread_blocked, id=18439, stack(0x0000700001012000,0x0000700001112000)]
  0x00007fc11f826000 JavaThread "Signal Dispatcher" daemon [_thread_blocked, id=18947, stack(0x0000700000f0f000,0x000070000100f000)]
  0x00007fc12080a800 JavaThread "Finalizer" daemon [_thread_blocked, id=21251, stack(0x0000700000c83000,0x0000700000d83000)]
  0x00007fc12100a800 JavaThread "Reference Handler" daemon [_thread_blocked, id=21507, stack(0x0000700000b80000,0x0000700000c80000)]
  0x00007fc120001800 JavaThread "main" [_thread_in_Java, id=3331, stack(0x000070000056e000,0x000070000066e000)]

Other Threads:
  0x00007fc11f825800 VMThread [stack: 0x0000700000a7d000,0x0000700000b7d000] [id=11267]
  0x00007fc1209da000 WatcherThread [stack: 0x0000700001727000,0x0000700001827000] [id=20231]

VM state:not at safepoint (normal execution)

VM Mutex/Monitor currently owned by a thread: None

heap address: 0x0000000740000000, size: 2048 MB, Compressed Oops mode: Zero based, Oop shift amount: 3
Narrow klass base: 0x0000000000000000, Narrow klass shift: 3
Compressed class space size: 1073741824 Address: 0x00000007c0000000

Heap:
 PSYoungGen      total 38400K, used 25017K [0x0000000795580000, 0x0000000798000000, 0x00000007c0000000)
  eden space 33280K, 75% used [0x0000000795580000,0x0000000796dee688,0x0000000797600000)
  from space 5120K, 0% used [0x0000000797b00000,0x0000000797b00000,0x0000000798000000)
  to   space 5120K, 0% used [0x0000000797600000,0x0000000797600000,0x0000000797b00000)
 ParOldGen       total 87552K, used 0K [0x0000000740000000, 0x0000000745580000, 0x0000000795580000)
  object space 87552K, 0% used [0x0000000740000000,0x0000000740000000,0x0000000745580000)
 Metaspace       used 9212K, capacity 9466K, committed 9728K, reserved 1058816K
  class space    used 1072K, capacity 1169K, committed 1280K, reserved 1048576K

Card table byte_map: [0x000000010797e000,0x0000000107d7f000] byte_map_base: 0x0000000103f7e000

Marking Bits: (ParMarkBitMap*) 0x0000000106f00f60
 Begin Bits: [0x000000010802a000, 0x000000010a02a000)
 End Bits:   [0x000000010a02a000, 0x000000010c02a000)

Polling page: 0x0000000105cb9000

CodeCache: size=245760Kb used=2052Kb max_used=2052Kb free=243707Kb
 bounds [0x0000000113a7a000, 0x0000000113cea000, 0x0000000122a7a000]
 total_blobs=952 nmethods=617 adapters=257
 compilation: enabled

Compilation events (10 events):
Event: 6.316 Thread 0x00007fc1200fa000 nmethod 609 0x0000000113c77f10 code [0x0000000113c78080, 0x0000000113c781c8]
Event: 6.316 Thread 0x00007fc1200fa000  611       1       java.lang.reflect.Field::getModifiers (5 bytes)
Event: 6.316 Thread 0x00007fc1200fa000 nmethod 611 0x0000000113c78290 code [0x0000000113c783e0, 0x0000000113c784f0]
Event: 6.316 Thread 0x00007fc1200fa000  612       1       java.lang.reflect.Constructor::getDeclaringClass (5 bytes)
Event: 6.317 Thread 0x00007fc1200fa000 nmethod 612 0x0000000113c78550 code [0x0000000113c786a0, 0x0000000113c787b0]
Event: 6.330 Thread 0x00007fc1200fa000  613       1       org.jetbrains.capture.org.objectweb.asm.ClassReader::readUnsignedShort (26 bytes)
Event: 6.331 Thread 0x00007fc1200fa000 nmethod 613 0x0000000113c78c50 code [0x0000000113c78dc0, 0x0000000113c78f30]
Event: 6.331 Thread 0x00007fc1200fa000  614       1       org.jetbrains.capture.org.objectweb.asm.ClassReader::readUTF8 (60 bytes)
Event: 6.332 Thread 0x00007fc1200fa000 nmethod 614 0x0000000113c79010 code [0x0000000113c791a0, 0x0000000113c79508]
Event: 6.336 Thread 0x00007fc1200fa000  615       1       sun.misc.Launcher$AppClassLoader::loadClass (85 bytes)

GC Heap History (0 events):
No events

Deoptimization events (0 events):
No events

Classes redefined (0 events):
No events

Internal exceptions (10 events):
Event: 0.795 Thread 0x00007fc120001800 Exception <a 'java/lang/ArrayIndexOutOfBoundsException'> (0x0000000795e03e30) thrown at [/jenkins/workspace/8-2-build-macosx-x86_64/jdk8u251/737/hotspot/src/share/vm/runtime/sharedRuntime.cpp, line 605]
Event: 0.840 Thread 0x00007fc120001800 Exception <a 'java/lang/ArrayIndexOutOfBoundsException'> (0x0000000795e35488) thrown at [/jenkins/workspace/8-2-build-macosx-x86_64/jdk8u251/737/hotspot/src/share/vm/runtime/sharedRuntime.cpp, line 605]
Event: 0.939 Thread 0x00007fc120001800 Exception <a 'java/security/PrivilegedActionException'> (0x0000000795eaa2f0) thrown at [/jenkins/workspace/8-2-build-macosx-x86_64/jdk8u251/737/hotspot/src/share/vm/prims/jvm.cpp, line 1502]
Event: 0.939 Thread 0x00007fc120001800 Exception <a 'java/security/PrivilegedActionException'> (0x0000000795eaa500) thrown at [/jenkins/workspace/8-2-build-macosx-x86_64/jdk8u251/737/hotspot/src/share/vm/prims/jvm.cpp, line 1502]
Event: 0.947 Thread 0x00007fc120001800 Exception <a 'java/security/PrivilegedActionException'> (0x0000000795ead830) thrown at [/jenkins/workspace/8-2-build-macosx-x86_64/jdk8u251/737/hotspot/src/share/vm/prims/jvm.cpp, line 1502]
Event: 0.947 Thread 0x00007fc120001800 Exception <a 'java/security/PrivilegedActionException'> (0x0000000795eada40) thrown at [/jenkins/workspace/8-2-build-macosx-x86_64/jdk8u251/737/hotspot/src/share/vm/prims/jvm.cpp, line 1502]
Event: 6.023 Thread 0x00007fc120001800 Exception <a 'java/lang/ClassNotFoundException': javax/management/remote/rmi/RMIJRMPServerImpl$ExportedWrapper_Stub> (0x0000000795fbe050) thrown at [/jenkins/workspace/8-2-build-macosx-x86_64/jdk8u251/737/hotspot/src/share/vm/classfile/systemDictionary.cp
Event: 6.077 Thread 0x00007fc120001800 Exception <a 'java/lang/NoSuchFieldError': method resolution failed> (0x000000079617ad88) thrown at [/jenkins/workspace/8-2-build-macosx-x86_64/jdk8u251/737/hotspot/src/share/vm/prims/methodHandles.cpp, line 1167]
Event: 6.079 Thread 0x00007fc120001800 Exception <a 'java/lang/NoSuchFieldError': method resolution failed> (0x0000000796189b20) thrown at [/jenkins/workspace/8-2-build-macosx-x86_64/jdk8u251/737/hotspot/src/share/vm/prims/methodHandles.cpp, line 1167]
Event: 6.205 Thread 0x00007fc120001800 Exception <a 'java/io/FileNotFoundException'> (0x000000079676a9e8) thrown at [/jenkins/workspace/8-2-build-macosx-x86_64/jdk8u251/737/hotspot/src/share/vm/prims/jni.cpp, line 710]

Events (10 events):
Event: 6.338 Thread 0x00007fc1201d1800 DEOPT PACKING pc=0x0000000113c40bc4 sp=0x0000700001a26d70
Event: 6.338 Thread 0x00007fc1201d1800 DEOPT UNPACKING pc=0x0000000113ac1784 sp=0x0000700001a26bb0 mode 1
Event: 6.338 Thread 0x00007fc1201d1800 DEOPT PACKING pc=0x0000000113c40b0c sp=0x0000700001a26f00
Event: 6.338 Thread 0x00007fc1201d1800 DEOPT UNPACKING pc=0x0000000113ac1784 sp=0x0000700001a26d58 mode 1
Event: 6.339 loading class com/intellij/rt/debugger/agent/CaptureAgent$CaptureInstrumentor$1
Event: 6.339 loading class com/intellij/rt/debugger/agent/CaptureAgent$CaptureInstrumentor$1 done
Event: 6.339 Thread 0x00007fc1201d1800 DEOPT PACKING pc=0x0000000113c40bc4 sp=0x0000700001a26f70
Event: 6.339 Thread 0x00007fc1201d1800 DEOPT UNPACKING pc=0x0000000113ac1784 sp=0x0000700001a26db0 mode 1
Event: 6.340 Thread 0x00007fc1201d1800 DEOPT PACKING pc=0x0000000113c40b0c sp=0x0000700001a27100
Event: 6.340 Thread 0x00007fc1201d1800 DEOPT UNPACKING pc=0x0000000113ac1784 sp=0x0000700001a26f58 mode 1


Dynamic libraries:
0x00007fff2c4ea000 	/System/Library/Frameworks/Cocoa.framework/Versions/A/Cocoa
0x00007fff39a91000 	/System/Library/Frameworks/Security.framework/Versions/A/Security
0x00007fff2b490000 	/System/Library/Frameworks/ApplicationServices.framework/Versions/A/ApplicationServices
0x00007fff63aec000 	/usr/lib/libz.1.dylib
0x00007fff615f4000 	/usr/lib/libSystem.B.dylib
0x00007fff63417000 	/usr/lib/libobjc.A.dylib
0x00007fff2d44f000 	/System/Library/Frameworks/CoreFoundation.framework/Versions/A/CoreFoundation
0x00007fff2fb0a000 	/System/Library/Frameworks/Foundation.framework/Versions/C/Foundation
0x00007fff2a694000 	/System/Library/Frameworks/AppKit.framework/Versions/C/AppKit
0x00007fff2cf69000 	/System/Library/Frameworks/CoreData.framework/Versions/A/CoreData
0x00007fff5dea5000 	/System/Library/PrivateFrameworks/UIFoundation.framework/Versions/A/UIFoundation
0x00007fff58745000 	/System/Library/PrivateFrameworks/RemoteViewServices.framework/Versions/A/RemoteViewServices
0x00007fff60925000 	/System/Library/PrivateFrameworks/XCTTargetBootstrap.framework/Versions/A/XCTTargetBootstrap
0x00007fff2d344000 	/System/Library/Frameworks/CoreDisplay.framework/Versions/A/CoreDisplay
0x00007fff32842000 	/System/Library/Frameworks/Metal.framework/Versions/A/Metal
0x00007fff46cb2000 	/System/Library/PrivateFrameworks/DesktopServicesPriv.framework/Versions/A/DesktopServicesPriv
0x00007fff6270f000 	/usr/lib/liblangid.dylib
0x00007fff45e0e000 	/System/Library/PrivateFrameworks/CoreSVG.framework/Versions/A/CoreSVG
0x00007fff5b475000 	/System/Library/PrivateFrameworks/SkyLight.framework/Versions/A/SkyLight
0x00007fff2d8d0000 	/System/Library/Frameworks/CoreGraphics.framework/Versions/A/CoreGraphics
0x00007fff29235000 	/System/Library/Frameworks/Accelerate.framework/Versions/A/Accelerate
0x00007fff639dd000 	/usr/lib/libxml2.2.dylib
0x00007fff5187d000 	/System/Library/PrivateFrameworks/IconServices.framework/Versions/A/IconServices
0x00007fff302c8000 	/System/Library/Frameworks/IOSurface.framework/Versions/A/IOSurface
0x00007fff6112d000 	/usr/lib/libDiagnosticMessagesClient.dylib
0x00007fff46b2c000 	/System/Library/PrivateFrameworks/DFRFoundation.framework/Versions/A/DFRFoundation
0x00007fff6249d000 	/usr/lib/libicucore.A.dylib
0x00007fff2b7c2000 	/System/Library/Frameworks/AudioToolbox.framework/Versions/A/AudioToolbox
0x00007fff2b8a4000 	/System/Library/Frameworks/AudioUnit.framework/Versions/A/AudioUnit
0x00007fff617f6000 	/usr/lib/libauto.dylib
0x00007fff46bac000 	/System/Library/PrivateFrameworks/DataDetectorsCore.framework/Versions/A/DataDetectorsCore
0x00007fff2c00b000 	/System/Library/Frameworks/Carbon.framework/Versions/A/Frameworks/HIToolbox.framework/Versions/A/HIToolbox
0x00007fff38c89000 	/System/Library/Frameworks/QuartzCore.framework/Versions/A/QuartzCore
0x00007fff2c34a000 	/System/Library/Frameworks/Carbon.framework/Versions/A/Frameworks/SpeechRecognition.framework/Versions/A/SpeechRecognition
0x00007fff464ae000 	/System/Library/PrivateFrameworks/CoreUI.framework/Versions/A/CoreUI
0x00007fff2c9cf000 	/System/Library/Frameworks/CoreAudio.framework/Versions/A/CoreAudio
0x00007fff2f7d7000 	/System/Library/Frameworks/DiskArbitration.framework/Versions/A/DiskArbitration
0x00007fff53963000 	/System/Library/PrivateFrameworks/MultitouchSupport.framework/Versions/A/MultitouchSupport
0x00007fff62368000 	/usr/lib/libenergytrace.dylib
0x00007fff30223000 	/System/Library/Frameworks/IOKit.framework/Versions/A/IOKit
0x00007fff2e836000 	/System/Library/Frameworks/CoreServices.framework/Versions/A/CoreServices
0x00007fff559b8000 	/System/Library/PrivateFrameworks/PerformanceAnalysis.framework/Versions/A/PerformanceAnalysis
0x00007fff37cc1000 	/System/Library/Frameworks/OpenGL.framework/Versions/A/OpenGL
0x00007fff2c4f8000 	/System/Library/Frameworks/ColorSync.framework/Versions/A/ColorSync
0x00007fff2df57000 	/System/Library/Frameworks/CoreImage.framework/Versions/A/CoreImage
0x00007fff2f2aa000 	/System/Library/Frameworks/CoreText.framework/Versions/A/CoreText
0x00007fff3034b000 	/System/Library/Frameworks/ImageIO.framework/Versions/A/ImageIO
0x00007fff618d2000 	/usr/lib/libc++.1.dylib
0x00007fff6194e000 	/usr/lib/libcompression.dylib
0x00007fff6146e000 	/usr/lib/libMobileGestalt.dylib
0x00007fff5cf98000 	/System/Library/PrivateFrameworks/TextureIO.framework/Versions/A/TextureIO
0x00007fff6175c000 	/usr/lib/libate.dylib
0x00007fff51a83000 	/System/Library/PrivateFrameworks/InternationalSupport.framework/Versions/A/InternationalSupport
0x00007fff64563000 	/usr/lib/system/libcache.dylib
0x00007fff64569000 	/usr/lib/system/libcommonCrypto.dylib
0x00007fff64575000 	/usr/lib/system/libcompiler_rt.dylib
0x00007fff6457d000 	/usr/lib/system/libcopyfile.dylib
0x00007fff64587000 	/usr/lib/system/libcorecrypto.dylib
0x00007fff64735000 	/usr/lib/system/libdispatch.dylib
0x00007fff64777000 	/usr/lib/system/libdyld.dylib
0x00007fff647ad000 	/usr/lib/system/libkeymgr.dylib
0x00007fff647bb000 	/usr/lib/system/liblaunch.dylib
0x00007fff647bc000 	/usr/lib/system/libmacho.dylib
0x00007fff647c2000 	/usr/lib/system/libquarantine.dylib
0x00007fff647c5000 	/usr/lib/system/libremovefile.dylib
0x00007fff647c7000 	/usr/lib/system/libsystem_asl.dylib
0x00007fff647df000 	/usr/lib/system/libsystem_blocks.dylib
0x00007fff647e0000 	/usr/lib/system/libsystem_c.dylib
0x00007fff64868000 	/usr/lib/system/libsystem_configuration.dylib
0x00007fff6486c000 	/usr/lib/system/libsystem_coreservices.dylib
0x00007fff64870000 	/usr/lib/system/libsystem_darwin.dylib
0x00007fff64878000 	/usr/lib/system/libsystem_dnssd.dylib
0x00007fff64880000 	/usr/lib/system/libsystem_featureflags.dylib
0x00007fff64882000 	/usr/lib/system/libsystem_info.dylib
0x00007fff648fd000 	/usr/lib/system/libsystem_m.dylib
0x00007fff64945000 	/usr/lib/system/libsystem_malloc.dylib
0x00007fff6496d000 	/usr/lib/system/libsystem_networkextension.dylib
0x00007fff6497b000 	/usr/lib/system/libsystem_notify.dylib
0x00007fff6499a000 	/usr/lib/system/libsystem_sandbox.dylib
0x00007fff6499f000 	/usr/lib/system/libsystem_secinit.dylib
0x00007fff648d0000 	/usr/lib/system/libsystem_kernel.dylib
0x00007fff64985000 	/usr/lib/system/libsystem_platform.dylib
0x00007fff6498f000 	/usr/lib/system/libsystem_pthread.dylib
0x00007fff649a2000 	/usr/lib/system/libsystem_symptoms.dylib
0x00007fff649aa000 	/usr/lib/system/libsystem_trace.dylib
0x00007fff649c2000 	/usr/lib/system/libunwind.dylib
0x00007fff649c8000 	/usr/lib/system/libxpc.dylib
0x00007fff61926000 	/usr/lib/libc++abi.dylib
0x00007fff62711000 	/usr/lib/liblzma.5.dylib
0x00007fff62390000 	/usr/lib/libfakelink.dylib
0x00007fff616e9000 	/usr/lib/libarchive.2.dylib
0x00007fff3aca5000 	/System/Library/Frameworks/SystemConfiguration.framework/Versions/A/SystemConfiguration
0x00007fff6105e000 	/usr/lib/libCRFSuite.dylib
0x00007fff2bc1a000 	/System/Library/Frameworks/CFNetwork.framework/Versions/A/CFNetwork
0x00007fff618b4000 	/usr/lib/libbsm.0.dylib
0x00007fff647ae000 	/usr/lib/system/libkxld.dylib
0x00007fff406ab000 	/System/Library/PrivateFrameworks/AppleFSCompression.framework/Versions/A/AppleFSCompression
0x00007fff61c27000 	/usr/lib/libcoretls.dylib
0x00007fff61c3e000 	/usr/lib/libcoretls_cfhelpers.dylib
0x00007fff6345b000 	/usr/lib/libpam.2.dylib
0x00007fff6358a000 	/usr/lib/libsqlite3.dylib
0x00007fff639ca000 	/usr/lib/libxar.1.dylib
0x00007fff618c5000 	/usr/lib/libbz2.1.0.dylib
0x00007fff623ac000 	/usr/lib/libiconv.2.dylib
0x00007fff6193b000 	/usr/lib/libcharset.1.dylib
0x00007fff62f07000 	/usr/lib/libnetwork.dylib
0x00007fff63462000 	/usr/lib/libpcap.A.dylib
0x00007fff6169e000 	/usr/lib/libapple_nghttp2.dylib
0x00007fff2ebed000 	/System/Library/Frameworks/CoreServices.framework/Versions/A/Frameworks/FSEvents.framework/Versions/A/FSEvents
0x00007fff2e8bd000 	/System/Library/Frameworks/CoreServices.framework/Versions/A/Frameworks/CarbonCore.framework/Versions/A/CarbonCore
0x00007fff2ee2f000 	/System/Library/Frameworks/CoreServices.framework/Versions/A/Frameworks/Metadata.framework/Versions/A/Metadata
0x00007fff2eec8000 	/System/Library/Frameworks/CoreServices.framework/Versions/A/Frameworks/OSServices.framework/Versions/A/OSServices
0x00007fff2eef6000 	/System/Library/Frameworks/CoreServices.framework/Versions/A/Frameworks/SearchKit.framework/Versions/A/SearchKit
0x00007fff2e837000 	/System/Library/Frameworks/CoreServices.framework/Versions/A/Frameworks/AE.framework/Versions/A/AE
0x00007fff2ebf6000 	/System/Library/Frameworks/CoreServices.framework/Versions/A/Frameworks/LaunchServices.framework/Versions/A/LaunchServices
0x00007fff2eb9f000 	/System/Library/Frameworks/CoreServices.framework/Versions/A/Frameworks/DictionaryServices.framework/Versions/A/DictionaryServices
0x00007fff2ef5e000 	/System/Library/Frameworks/CoreServices.framework/Versions/A/Frameworks/SharedFileList.framework/Versions/A/SharedFileList
0x00007fff33b17000 	/System/Library/Frameworks/NetFS.framework/Versions/A/NetFS
0x00007fff53e03000 	/System/Library/PrivateFrameworks/NetAuth.framework/Versions/A/NetAuth
0x00007fff60cee000 	/System/Library/PrivateFrameworks/login.framework/Versions/A/Frameworks/loginsupport.framework/Versions/A/loginsupport
0x00007fff5ca9e000 	/System/Library/PrivateFrameworks/TCC.framework/Versions/A/TCC
0x00007fff451ec000 	/System/Library/PrivateFrameworks/CoreNLP.framework/Versions/A/CoreNLP
0x00007fff53394000 	/System/Library/PrivateFrameworks/MetadataUtilities.framework/Versions/A/MetadataUtilities
0x00007fff627e9000 	/usr/lib/libmecabra.dylib
0x00007fff62741000 	/usr/lib/libmecab.dylib
0x00007fff623a1000 	/usr/lib/libgermantok.dylib
0x00007fff61685000 	/usr/lib/libThaiTokenizer.dylib
0x00007fff61096000 	/usr/lib/libChineseTokenizer.dylib
0x00007fff2924d000 	/System/Library/Frameworks/Accelerate.framework/Versions/A/Frameworks/vImage.framework/Versions/A/vImage
0x00007fff2a4ef000 	/System/Library/Frameworks/Accelerate.framework/Versions/A/Frameworks/vecLib.framework/Versions/A/vecLib
0x00007fff2a433000 	/System/Library/Frameworks/Accelerate.framework/Versions/A/Frameworks/vecLib.framework/Versions/A/libvMisc.dylib
0x00007fff2a259000 	/System/Library/Frameworks/Accelerate.framework/Versions/A/Frameworks/vecLib.framework/Versions/A/libvDSP.dylib
0x00007fff298b9000 	/System/Library/Frameworks/Accelerate.framework/Versions/A/Frameworks/vecLib.framework/Versions/A/libBLAS.dylib
0x00007fff29e13000 	/System/Library/Frameworks/Accelerate.framework/Versions/A/Frameworks/vecLib.framework/Versions/A/libLAPACK.dylib
0x00007fff2a1b9000 	/System/Library/Frameworks/Accelerate.framework/Versions/A/Frameworks/vecLib.framework/Versions/A/libLinearAlgebra.dylib
0x00007fff2a246000 	/System/Library/Frameworks/Accelerate.framework/Versions/A/Frameworks/vecLib.framework/Versions/A/libSparseBLAS.dylib
0x00007fff2a1cf000 	/System/Library/Frameworks/Accelerate.framework/Versions/A/Frameworks/vecLib.framework/Versions/A/libQuadrature.dylib
0x00007fff29b22000 	/System/Library/Frameworks/Accelerate.framework/Versions/A/Frameworks/vecLib.framework/Versions/A/libBNNS.dylib
0x00007fff2a1d5000 	/System/Library/Frameworks/Accelerate.framework/Versions/A/Frameworks/vecLib.framework/Versions/A/libSparse.dylib
0x00007fff51e42000 	/System/Library/PrivateFrameworks/LanguageModeling.framework/Versions/A/LanguageModeling
0x00007fff44b90000 	/System/Library/PrivateFrameworks/CoreEmoji.framework/Versions/A/CoreEmoji
0x00007fff51f5f000 	/System/Library/PrivateFrameworks/LinguisticData.framework/Versions/A/LinguisticData
0x00007fff51f10000 	/System/Library/PrivateFrameworks/Lexicon.framework/Versions/A/Lexicon
0x00007fff6193c000 	/usr/lib/libcmph.dylib
0x00007fff366e7000 	/System/Library/Frameworks/OpenDirectory.framework/Versions/A/Frameworks/CFOpenDirectory.framework/Versions/A/CFOpenDirectory
0x00007fff36704000 	/System/Library/Frameworks/OpenDirectory.framework/Versions/A/OpenDirectory
0x00007fff3ea63000 	/System/Library/PrivateFrameworks/APFS.framework/Versions/A/APFS
0x00007fff39dd6000 	/System/Library/Frameworks/SecurityFoundation.framework/Versions/A/SecurityFoundation
0x00007fff639c6000 	/usr/lib/libutil.dylib
0x00007fff45e66000 	/System/Library/PrivateFrameworks/CoreServicesStore.framework/Versions/A/CoreServicesStore
0x00007fff39eb7000 	/System/Library/Frameworks/ServiceManagement.framework/Versions/A/ServiceManagement
0x00007fff41e46000 	/System/Library/PrivateFrameworks/BackgroundTaskManagement.framework/Versions/A/BackgroundTaskManagement
0x00007fff63ac3000 	/usr/lib/libxslt.1.dylib
0x00007fff40d09000 	/System/Library/PrivateFrameworks/AppleSystemInfo.framework/Versions/A/AppleSystemInfo
0x00007fff30566000 	/System/Library/Frameworks/ImageIO.framework/Versions/A/Resources/libJPEG.dylib
0x00007fff30825000 	/System/Library/Frameworks/ImageIO.framework/Versions/A/Resources/libTIFF.dylib
0x00007fff30808000 	/System/Library/Frameworks/ImageIO.framework/Versions/A/Resources/libPng.dylib
0x00007fff304a7000 	/System/Library/Frameworks/ImageIO.framework/Versions/A/Resources/libGIF.dylib
0x00007fff304ab000 	/System/Library/Frameworks/ImageIO.framework/Versions/A/Resources/libJP2.dylib
0x00007fff30823000 	/System/Library/Frameworks/ImageIO.framework/Versions/A/Resources/libRadiance.dylib
0x00007fff62369000 	/usr/lib/libexpat.1.dylib
0x00007fff40806000 	/System/Library/PrivateFrameworks/AppleJPEG.framework/Versions/A/AppleJPEG
0x00007fff4907e000 	/System/Library/PrivateFrameworks/FontServices.framework/libFontParser.dylib
0x00007fff5fd49000 	/System/Library/PrivateFrameworks/WatchdogClient.framework/Versions/A/WatchdogClient
0x00007fff514d5000 	/System/Library/PrivateFrameworks/IOAccelerator.framework/Versions/A/IOAccelerator
0x00007fff32bd0000 	/System/Library/Frameworks/MetalPerformanceShaders.framework/Versions/A/MetalPerformanceShaders
0x00007fff4ddcb000 	/System/Library/PrivateFrameworks/GPUWrangler.framework/Versions/A/GPUWrangler
0x00007fff514e0000 	/System/Library/PrivateFrameworks/IOPresentment.framework/Versions/A/IOPresentment
0x00007fff46b3e000 	/System/Library/PrivateFrameworks/DSExternalDisplay.framework/Versions/A/DSExternalDisplay
0x00007fff3706d000 	/System/Library/Frameworks/OpenGL.framework/Versions/A/Libraries/libCoreFSCache.dylib
0x00007fff32921000 	/System/Library/Frameworks/MetalPerformanceShaders.framework/Frameworks/MPSCore.framework/Versions/A/MPSCore
0x00007fff3295e000 	/System/Library/Frameworks/MetalPerformanceShaders.framework/Frameworks/MPSImage.framework/Versions/A/MPSImage
0x00007fff32a21000 	/System/Library/Frameworks/MetalPerformanceShaders.framework/Frameworks/MPSNeuralNetwork.framework/Versions/A/MPSNeuralNetwork
0x00007fff329e5000 	/System/Library/Frameworks/MetalPerformanceShaders.framework/Frameworks/MPSMatrix.framework/Versions/A/MPSMatrix
0x00007fff32b81000 	/System/Library/Frameworks/MetalPerformanceShaders.framework/Frameworks/MPSRayIntersector.framework/Versions/A/MPSRayIntersector
0x00007fff32a0b000 	/System/Library/Frameworks/MetalPerformanceShaders.framework/Frameworks/MPSNDArray.framework/Versions/A/MPSNDArray
0x00007fff533e1000 	/System/Library/PrivateFrameworks/MetalTools.framework/Versions/A/MetalTools
0x00007fff3fb42000 	/System/Library/PrivateFrameworks/AggregateDictionary.framework/Versions/A/AggregateDictionary
0x00007fff44627000 	/System/Library/PrivateFrameworks/CoreAnalytics.framework/Versions/A/CoreAnalytics
0x00007fff40c27000 	/System/Library/PrivateFrameworks/AppleSauce.framework/Versions/A/AppleSauce
0x00007fff61351000 	/usr/lib/libIOReport.dylib
0x00007fff2f45f000 	/System/Library/Frameworks/CoreVideo.framework/Versions/A/CoreVideo
0x00007fff4f1b8000 	/System/Library/PrivateFrameworks/GraphVisualizer.framework/Versions/A/GraphVisualizer
0x00007fff48600000 	/System/Library/PrivateFrameworks/FaceCore.framework/Versions/A/FaceCore
0x00007fff3668e000 	/System/Library/Frameworks/OpenCL.framework/Versions/A/OpenCL
0x00007fff61173000 	/usr/lib/libFosl_dynamic.dylib
0x00007fff547f9000 	/System/Library/PrivateFrameworks/OTSVG.framework/Versions/A/OTSVG
0x00007fff2b595000 	/System/Library/Frameworks/ApplicationServices.framework/Versions/A/Frameworks/ATS.framework/Versions/A/Resources/libFontRegistry.dylib
0x00007fff4924f000 	/System/Library/PrivateFrameworks/FontServices.framework/libhvf.dylib
0x00007fff37078000 	/System/Library/Frameworks/OpenGL.framework/Versions/A/Libraries/libGFXShared.dylib
0x00007fff37255000 	/System/Library/Frameworks/OpenGL.framework/Versions/A/Libraries/libGLU.dylib
0x00007fff37081000 	/System/Library/Frameworks/OpenGL.framework/Versions/A/Libraries/libGL.dylib
0x00007fff3708c000 	/System/Library/Frameworks/OpenGL.framework/Versions/A/Libraries/libGLImage.dylib
0x00007fff3706a000 	/System/Library/Frameworks/OpenGL.framework/Versions/A/Libraries/libCVMSPluginSupport.dylib
0x00007fff37073000 	/System/Library/Frameworks/OpenGL.framework/Versions/A/Libraries/libCoreVMClient.dylib
0x00007fff62da9000 	/usr/lib/libncurses.5.4.dylib
0x00007fff2b491000 	/System/Library/Frameworks/ApplicationServices.framework/Versions/A/Frameworks/ATS.framework/Versions/A/ATS
0x00007fff2b65e000 	/System/Library/Frameworks/ApplicationServices.framework/Versions/A/Frameworks/ColorSyncLegacy.framework/Versions/A/ColorSyncLegacy
0x00007fff2b6fd000 	/System/Library/Frameworks/ApplicationServices.framework/Versions/A/Frameworks/HIServices.framework/Versions/A/HIServices
0x00007fff2b754000 	/System/Library/Frameworks/ApplicationServices.framework/Versions/A/Frameworks/LangAnalysis.framework/Versions/A/LangAnalysis
0x00007fff2b763000 	/System/Library/Frameworks/ApplicationServices.framework/Versions/A/Frameworks/PrintCore.framework/Versions/A/PrintCore
0x00007fff2b7a9000 	/System/Library/Frameworks/ApplicationServices.framework/Versions/A/Frameworks/QD.framework/Versions/A/QD
0x00007fff2b7b4000 	/System/Library/Frameworks/ApplicationServices.framework/Versions/A/Frameworks/SpeechSynthesis.framework/Versions/A/SpeechSynthesis
0x00007fff2b62e000 	/System/Library/Frameworks/ApplicationServices.framework/Versions/A/Frameworks/ATSUI.framework/Versions/A/ATSUI
0x00007fff621fd000 	/usr/lib/libcups.2.dylib
0x00007fff31c89000 	/System/Library/Frameworks/Kerberos.framework/Versions/A/Kerberos
0x00007fff2ff3e000 	/System/Library/Frameworks/GSS.framework/Versions/A/GSS
0x00007fff63517000 	/usr/lib/libresolv.9.dylib
0x00007fff4f359000 	/System/Library/PrivateFrameworks/Heimdal.framework/Versions/A/Heimdal
0x00007fff31c9c000 	/System/Library/Frameworks/Kerberos.framework/Versions/A/Libraries/libHeimdalProxy.dylib
0x00007fff623a7000 	/usr/lib/libheimdal-asn1.dylib
0x00007fff43aed000 	/System/Library/PrivateFrameworks/CommonAuth.framework/Versions/A/CommonAuth
0x00007fff40da6000 	/System/Library/PrivateFrameworks/AssertionServices.framework/Versions/A/AssertionServices
0x00007fff4193c000 	/System/Library/PrivateFrameworks/AudioToolboxCore.framework/Versions/A/AudioToolboxCore
0x00007fff609a1000 	/System/Library/PrivateFrameworks/caulk.framework/Versions/A/caulk
0x00007fff41ef2000 	/System/Library/PrivateFrameworks/BaseBoard.framework/Versions/A/BaseBoard
0x00007fff588d1000 	/System/Library/PrivateFrameworks/RunningBoardServices.framework/Versions/A/RunningBoardServices
0x00007fff559c4000 	/System/Library/PrivateFrameworks/PersistentConnection.framework/Versions/A/PersistentConnection
0x00007fff582de000 	/System/Library/PrivateFrameworks/ProtocolBuffer.framework/Versions/A/ProtocolBuffer
0x00007fff43b0a000 	/System/Library/PrivateFrameworks/CommonUtilities.framework/Versions/A/CommonUtilities
0x00007fff42071000 	/System/Library/PrivateFrameworks/Bom.framework/Versions/A/Bom
0x00007fff61022000 	/usr/lib/libAudioToolboxUtility.dylib
0x00007fff41e50000 	/System/Library/PrivateFrameworks/Backup.framework/Versions/A/Backup
0x00007fff468ad000 	/System/Library/PrivateFrameworks/CrashReporterSupport.framework/Versions/A/CrashReporterSupport
0x00007fff5a35a000 	/System/Library/PrivateFrameworks/Sharing.framework/Versions/A/Sharing
0x00007fff40553000 	/System/Library/PrivateFrameworks/Apple80211.framework/Versions/A/Apple80211
0x00007fff41b78000 	/System/Library/PrivateFrameworks/AuthKit.framework/Versions/A/AuthKit
0x00007fff465db000 	/System/Library/PrivateFrameworks/CoreUtils.framework/Versions/A/CoreUtils
0x00007fff2f4a4000 	/System/Library/Frameworks/CoreWLAN.framework/Versions/A/CoreWLAN
0x00007fff300a7000 	/System/Library/Frameworks/IOBluetooth.framework/Versions/A/IOBluetooth
0x00007fff536df000 	/System/Library/PrivateFrameworks/MobileKeyBag.framework/Versions/A/MobileKeyBag
0x00007fff456bc000 	/System/Library/PrivateFrameworks/CorePhoneNumbers.framework/Versions/A/CorePhoneNumbers
0x00007fff407b9000 	/System/Library/PrivateFrameworks/AppleIDAuthSupport.framework/Versions/A/AppleIDAuthSupport
0x00007fff33b24000 	/System/Library/Frameworks/Network.framework/Versions/A/Network
0x00007fff51ccb000 	/System/Library/PrivateFrameworks/KeychainCircle.framework/Versions/A/KeychainCircle
0x00007fff2cf31000 	/System/Library/Frameworks/CoreBluetooth.framework/Versions/A/CoreBluetooth
0x00007fff5bfb4000 	/System/Library/PrivateFrameworks/SpeechRecognitionCore.framework/Versions/A/SpeechRecognitionCore
0x00007fff209fe000 	/System/Library/CoreServices/Encodings/libSimplifiedChineseConverter.dylib
0x0000000106600000 	/Library/Java/JavaVirtualMachines/jdk1.8.0_251.jdk/Contents/Home/jre/lib/server/libjvm.dylib
0x00007fff6389b000 	/usr/lib/libstdc++.6.dylib
0x0000000105c75000 	/Library/Java/JavaVirtualMachines/jdk1.8.0_251.jdk/Contents/Home/jre/lib/libverify.dylib
0x0000000105c83000 	/Library/Java/JavaVirtualMachines/jdk1.8.0_251.jdk/Contents/Home/jre/lib/libjava.dylib
0x0000000105cba000 	/Library/Java/JavaVirtualMachines/jdk1.8.0_251.jdk/Contents/Home/jre/lib/libjdwp.dylib
0x0000000105d05000 	/Library/Java/JavaVirtualMachines/jdk1.8.0_251.jdk/Contents/Home/jre/lib/libnpt.dylib
0x0000000105d24000 	/Library/Java/JavaVirtualMachines/jdk1.8.0_251.jdk/Contents/Home/jre/lib/libinstrument.dylib
0x0000000105dc1000 	/Library/Java/JavaVirtualMachines/jdk1.8.0_251.jdk/Contents/Home/jre/lib/libzip.dylib
0x000000010fb03000 	/Library/Java/JavaVirtualMachines/jdk1.8.0_251.jdk/Contents/Home/jre/lib/libdt_socket.dylib
0x000000010ff28000 	/Library/Java/JavaVirtualMachines/jdk1.8.0_251.jdk/Contents/Home/jre/lib/libnet.dylib
0x000000010ff87000 	/Library/Java/JavaVirtualMachines/jdk1.8.0_251.jdk/Contents/Home/jre/lib/libmanagement.dylib
0x000000010ff95000 	/Library/Java/JavaVirtualMachines/jdk1.8.0_251.jdk/Contents/Home/jre/lib/libnio.dylib

VM Arguments:
jvm_args: -agentlib:jdwp=transport=dt_socket,address=127.0.0.1:53769,suspend=y,server=n -XX:TieredStopAtLevel=1 -Xverify:none -Dspring.output.ansi.enabled=always -Dcom.sun.management.jmxremote -Dspring.jmx.enabled=true -Dspring.liveBeansView.mbeanDomain -Dspring.application.admin.enabled=true -javaagent:/Users/zhouhu/Library/Caches/JetBrains/IntelliJIdea2020.1/captureAgent/debugger-agent.jar -Dfile.encoding=UTF-8 
java_command: com.mypro.demo.oauth_auth.OauthAuthApplication
java_class_path (initial): /Library/Java/JavaVirtualMachines/jdk1.8.0_251.jdk/Contents/Home/jre/lib/charsets.jar:/Library/Java/JavaVirtualMachines/jdk1.8.0_251.jdk/Contents/Home/jre/lib/deploy.jar:/Library/Java/JavaVirtualMachines/jdk1.8.0_251.jdk/Contents/Home/jre/lib/ext/cldrdata.jar:/Library/Java/JavaVirtualMachines/jdk1.8.0_251.jdk/Contents/Home/jre/lib/ext/dnsns.jar:/Library/Java/JavaVirtualMachines/jdk1.8.0_251.jdk/Contents/Home/jre/lib/ext/jaccess.jar:/Library/Java/JavaVirtualMachines/jdk1.8.0_251.jdk/Contents/Home/jre/lib/ext/jfxrt.jar:/Library/Java/JavaVirtualMachines/jdk1.8.0_251.jdk/Contents/Home/jre/lib/ext/localedata.jar:/Library/Java/JavaVirtualMachines/jdk1.8.0_251.jdk/Contents/Home/jre/lib/ext/nashorn.jar:/Library/Java/JavaVirtualMachines/jdk1.8.0_251.jdk/Contents/Home/jre/lib/ext/sunec.jar:/Library/Java/JavaVirtualMachines/jdk1.8.0_251.jdk/Contents/Home/jre/lib/ext/sunjce_provider.jar:/Library/Java/JavaVirtualMachines/jdk1.8.0_251.jdk/Contents/Home/jre/lib/ext/sunpkcs11.jar:/Library/Java/JavaVirtualMachines/jdk1.8.0_251.jdk/Contents/Home/jre/lib/ext/zipfs.jar:/Library/Java/JavaVirtualMachines/jdk1.8.0_251.jdk/Contents/Home/jre/lib/javaws.jar:/Library/Java/JavaVirtualMachines/jdk1.8.0_251.jdk/Contents/Home/jre/lib/jce.jar:/Library/Java/JavaVirtualMachines/jdk1.8.0_251.jdk/Contents/Home/jre/lib/jfr.jar:/Library/Java/JavaVirtualMachines/jdk1.8.0_251.jdk/Contents/Home/jre/lib/jfxswt.jar:/Library/Java/JavaVirtualMachines/jdk1.8.0_251.jdk/Contents/Home/jre/lib/jsse.jar:/Library/Java/JavaVirtualMachines/jdk1.8.0_251.jdk/Contents/Home/jre/lib/management-agent.jar:/Library/Java/JavaVirtualMachines/jdk1.8.0_251.jdk/Contents/Home/jre/lib/plugin.jar:/Library/Java/JavaVirtualMachines/jdk1.8.0_251.jdk/Contents/Home/jre/lib/resources.jar:/Library/Java/JavaVirtualMachines/jdk1.8.0_251.jdk/Contents/Home/jre/lib/rt.jar:/Library/Java/JavaVirtualMachines/jdk1.8.0_251.jdk/Contents/Home/lib/ant-javafx.jar:/Library/Java/JavaVirtualMachines/jdk1.8.0_251.jdk/Contents/Home
Launcher Type: SUN_STANDARD

Environment Variables:
PATH=/opt/apache-maven-3.6.2/bin:/Users/zhouhu/Downloads/protoc-3.7.0-osx-x86_64/bin:/usr/local/bin:/usr/bin:/bin:/usr/sbin:/sbin:/Library/Apple/usr/bin:/Library/Apple/bin:/usr/local/Cellar/go/1.12.7/libexec/bin:/Users/zhouhu/workspace/bin
SHELL=/bin/zsh

Signal Handlers:
SIGSEGV: [libjvm.dylib+0x5bc2ff], sa_mask[0]=11111111011111110111111111111111, sa_flags=SA_ONSTACK|SA_RESTART|SA_SIGINFO
SIGBUS: [libjvm.dylib+0x5bc2ff], sa_mask[0]=11111111011111110111111111111111, sa_flags=SA_RESTART|SA_SIGINFO
SIGFPE: [libjvm.dylib+0x48d41c], sa_mask[0]=11111111011111110111111111111111, sa_flags=SA_RESTART|SA_SIGINFO
SIGPIPE: [libjvm.dylib+0x48d41c], sa_mask[0]=11111111011111110111111111111111, sa_flags=SA_RESTART|SA_SIGINFO
SIGXFSZ: [libjvm.dylib+0x48d41c], sa_mask[0]=11111111011111110111111111111111, sa_flags=SA_RESTART|SA_SIGINFO
SIGILL: [libjvm.dylib+0x48d41c], sa_mask[0]=11111111011111110111111111111111, sa_flags=SA_RESTART|SA_SIGINFO
SIGUSR1: SIG_DFL, sa_mask[0]=00000000000000000000000000000000, sa_flags=none
SIGUSR2: [libjvm.dylib+0x48cf3a], sa_mask[0]=00100000000000000000000000000000, sa_flags=SA_RESTART|SA_SIGINFO
SIGHUP: [libjvm.dylib+0x48b4c5], sa_mask[0]=11111111011111110111111111111111, sa_flags=SA_RESTART|SA_SIGINFO
SIGINT: [libjvm.dylib+0x48b4c5], sa_mask[0]=11111111011111110111111111111111, sa_flags=SA_RESTART|SA_SIGINFO
SIGTERM: [libjvm.dylib+0x48b4c5], sa_mask[0]=11111111011111110111111111111111, sa_flags=SA_RESTART|SA_SIGINFO
SIGQUIT: [libjvm.dylib+0x48b4c5], sa_mask[0]=11111111011111110111111111111111, sa_flags=SA_RESTART|SA_SIGINFO


---------------  S Y S T E M  ---------------

OS:Bsduname:Darwin 19.0.0 Darwin Kernel Version 19.0.0: Wed Sep 25 20:18:50 PDT 2019; root:xnu-6153.11.26~2/RELEASE_X86_64 x86_64
rlimit: STACK 8192k, CORE 0k, NPROC 1392, NOFILE 10240, AS infinity
load average:4.00 2.73 2.55

CPU:total 4 (initial active 4) (2 cores per cpu, 2 threads per core) family 6 model 142 stepping 9, cmov, cx8, fxsr, mmx, sse, sse2, sse3, ssse3, sse4.1, sse4.2, popcnt, avx, avx2, aes, clmul, erms, 3dnowpref, lzcnt, ht, tsc, tscinvbit, bmi1, bmi2, adx

Memory: 4k page, physical 8388608k(344084k free)

/proc/meminfo:


vm_info: Java HotSpot(TM) 64-Bit Server VM (25.251-b08) for bsd-amd64 JRE (1.8.0_251-b08), built on Mar 12 2020 02:36:37 by "java_re" with gcc 4.2.1 (Based on Apple Inc. build 5658) (LLVM build 2336.11.00)

time: Sat Jun 13 15:37:13 2020
timezone: CST
elapsed time: 6 seconds (0d 0h 0m 6s)

